00:15:01.801 [pool-1-thread-1] ERROR org.coocox.codb.common.log.ErrorLog - menuToolbarStat api exception!errorCode:2000
PUT API FAILED! 
org.coocox.codb.client.core.api.ClientBaseApi.putRespCheck(ClientBaseApi.java:55)
org.coocox.codb.client.core.api.impl.StatApiImpl.menuToolbarStat(StatApiImpl.java:85)
org.coocox.codb.client.core.task.StatisticsHandler$StatHandler.run(StatisticsHandler.java:78)
java.util.concurrent.ThreadPoolExecutor$Worker.runTask(Unknown Source)
java.util.concurrent.ThreadPoolExecutor$Worker.run(Unknown Source)
java.lang.Thread.run(Unknown Source)


00:16:10.936 [pool-1-thread-2] ERROR org.coocox.codb.common.log.ErrorLog - menuToolbarStat api exception!errorCode:2000
PUT API FAILED! 
org.coocox.codb.client.core.api.ClientBaseApi.putRespCheck(ClientBaseApi.java:55)
org.coocox.codb.client.core.api.impl.StatApiImpl.menuToolbarStat(StatApiImpl.java:85)
org.coocox.codb.client.core.task.StatisticsHandler$StatHandler.run(StatisticsHandler.java:78)
java.util.concurrent.ThreadPoolExecutor$Worker.runTask(Unknown Source)
java.util.concurrent.ThreadPoolExecutor$Worker.run(Unknown Source)
java.lang.Thread.run(Unknown Source)


02:20:25.398 [pool-1-thread-1] ERROR org.coocox.codb.common.log.ErrorLog - menuToolbarStat api exception!errorCode:2000
PUT API FAILED! 
org.coocox.codb.client.core.api.ClientBaseApi.putRespCheck(ClientBaseApi.java:55)
org.coocox.codb.client.core.api.impl.StatApiImpl.menuToolbarStat(StatApiImpl.java:85)
org.coocox.codb.client.core.task.StatisticsHandler$StatHandler.run(StatisticsHandler.java:78)
java.util.concurrent.ThreadPoolExecutor$Worker.runTask(Unknown Source)
java.util.concurrent.ThreadPoolExecutor$Worker.run(Unknown Source)
java.lang.Thread.run(Unknown Source)


02:30:19.092 [pool-1-thread-2] ERROR org.coocox.codb.common.log.ErrorLog - menuToolbarStat api exception!errorCode:2000
PUT API FAILED! 
org.coocox.codb.client.core.api.ClientBaseApi.putRespCheck(ClientBaseApi.java:55)
org.coocox.codb.client.core.api.impl.StatApiImpl.menuToolbarStat(StatApiImpl.java:85)
org.coocox.codb.client.core.task.StatisticsHandler$StatHandler.run(StatisticsHandler.java:78)
java.util.concurrent.ThreadPoolExecutor$Worker.runTask(Unknown Source)
java.util.concurrent.ThreadPoolExecutor$Worker.run(Unknown Source)
java.lang.Thread.run(Unknown Source)


02:46:35.698 [pool-1-thread-1] ERROR org.coocox.codb.common.log.ErrorLog - menuToolbarStat api exception!errorCode:2000
PUT API FAILED! 
org.coocox.codb.client.core.api.ClientBaseApi.putRespCheck(ClientBaseApi.java:55)
org.coocox.codb.client.core.api.impl.StatApiImpl.menuToolbarStat(StatApiImpl.java:85)
org.coocox.codb.client.core.task.StatisticsHandler$StatHandler.run(StatisticsHandler.java:78)
java.util.concurrent.ThreadPoolExecutor$Worker.runTask(Unknown Source)
java.util.concurrent.ThreadPoolExecutor$Worker.run(Unknown Source)
java.lang.Thread.run(Unknown Source)


03:07:18.883 [pool-1-thread-2] ERROR org.coocox.codb.common.log.ErrorLog - menuToolbarStat api exception!errorCode:2000
PUT API FAILED! 
org.coocox.codb.client.core.api.ClientBaseApi.putRespCheck(ClientBaseApi.java:55)
org.coocox.codb.client.core.api.impl.StatApiImpl.menuToolbarStat(StatApiImpl.java:85)
org.coocox.codb.client.core.task.StatisticsHandler$StatHandler.run(StatisticsHandler.java:78)
java.util.concurrent.ThreadPoolExecutor$Worker.runTask(Unknown Source)
java.util.concurrent.ThreadPoolExecutor$Worker.run(Unknown Source)
java.lang.Thread.run(Unknown Source)


03:07:40.328 [pool-1-thread-1] ERROR org.coocox.codb.common.log.ErrorLog - menuToolbarStat api exception!errorCode:2000
PUT API FAILED! 
org.coocox.codb.client.core.api.ClientBaseApi.putRespCheck(ClientBaseApi.java:55)
org.coocox.codb.client.core.api.impl.StatApiImpl.menuToolbarStat(StatApiImpl.java:85)
org.coocox.codb.client.core.task.StatisticsHandler$StatHandler.run(StatisticsHandler.java:78)
java.util.concurrent.ThreadPoolExecutor$Worker.runTask(Unknown Source)
java.util.concurrent.ThreadPoolExecutor$Worker.run(Unknown Source)
java.lang.Thread.run(Unknown Source)


03:08:50.127 [pool-1-thread-2] ERROR org.coocox.codb.common.log.ErrorLog - menuToolbarStat api exception!errorCode:2000
PUT API FAILED! 
org.coocox.codb.client.core.api.ClientBaseApi.putRespCheck(ClientBaseApi.java:55)
org.coocox.codb.client.core.api.impl.StatApiImpl.menuToolbarStat(StatApiImpl.java:85)
org.coocox.codb.client.core.task.StatisticsHandler$StatHandler.run(StatisticsHandler.java:78)
java.util.concurrent.ThreadPoolExecutor$Worker.runTask(Unknown Source)
java.util.concurrent.ThreadPoolExecutor$Worker.run(Unknown Source)
java.lang.Thread.run(Unknown Source)


03:09:29.429 [pool-1-thread-1] ERROR org.coocox.codb.common.log.ErrorLog - menuToolbarStat api exception!errorCode:2000
PUT API FAILED! 
org.coocox.codb.client.core.api.ClientBaseApi.putRespCheck(ClientBaseApi.java:55)
org.coocox.codb.client.core.api.impl.StatApiImpl.menuToolbarStat(StatApiImpl.java:85)
org.coocox.codb.client.core.task.StatisticsHandler$StatHandler.run(StatisticsHandler.java:78)
java.util.concurrent.ThreadPoolExecutor$Worker.runTask(Unknown Source)
java.util.concurrent.ThreadPoolExecutor$Worker.run(Unknown Source)
java.lang.Thread.run(Unknown Source)


05:00:08.064 [pool-1-thread-2] ERROR org.coocox.codb.common.log.ErrorLog - menuToolbarStat api exception!errorCode:2000
PUT API FAILED! 
org.coocox.codb.client.core.api.ClientBaseApi.putRespCheck(ClientBaseApi.java:55)
org.coocox.codb.client.core.api.impl.StatApiImpl.menuToolbarStat(StatApiImpl.java:85)
org.coocox.codb.client.core.task.StatisticsHandler$StatHandler.run(StatisticsHandler.java:78)
java.util.concurrent.ThreadPoolExecutor$Worker.runTask(Unknown Source)
java.util.concurrent.ThreadPoolExecutor$Worker.run(Unknown Source)
java.lang.Thread.run(Unknown Source)


05:01:34.408 [pool-1-thread-1] ERROR org.coocox.codb.common.log.ErrorLog - menuToolbarStat api exception!errorCode:2000
PUT API FAILED! 
org.coocox.codb.client.core.api.ClientBaseApi.putRespCheck(ClientBaseApi.java:55)
org.coocox.codb.client.core.api.impl.StatApiImpl.menuToolbarStat(StatApiImpl.java:85)
org.coocox.codb.client.core.task.StatisticsHandler$StatHandler.run(StatisticsHandler.java:78)
java.util.concurrent.ThreadPoolExecutor$Worker.runTask(Unknown Source)
java.util.concurrent.ThreadPoolExecutor$Worker.run(Unknown Source)
java.lang.Thread.run(Unknown Source)


05:06:52.870 [pool-1-thread-2] ERROR org.coocox.codb.common.log.ErrorLog - menuToolbarStat api exception!errorCode:2000
PUT API FAILED! 
org.coocox.codb.client.core.api.ClientBaseApi.putRespCheck(ClientBaseApi.java:55)
org.coocox.codb.client.core.api.impl.StatApiImpl.menuToolbarStat(StatApiImpl.java:85)
org.coocox.codb.client.core.task.StatisticsHandler$StatHandler.run(StatisticsHandler.java:78)
java.util.concurrent.ThreadPoolExecutor$Worker.runTask(Unknown Source)
java.util.concurrent.ThreadPoolExecutor$Worker.run(Unknown Source)
java.lang.Thread.run(Unknown Source)


12:08:10.400 [pool-1-thread-1] ERROR org.coocox.codb.common.log.ErrorLog - menuToolbarStat api exception!errorCode:2000
PUT API FAILED! 
org.coocox.codb.client.core.api.ClientBaseApi.putRespCheck(ClientBaseApi.java:55)
org.coocox.codb.client.core.api.impl.StatApiImpl.menuToolbarStat(StatApiImpl.java:85)
org.coocox.codb.client.core.task.StatisticsHandler$StatHandler.run(StatisticsHandler.java:78)
java.util.concurrent.ThreadPoolExecutor$Worker.runTask(Unknown Source)
java.util.concurrent.ThreadPoolExecutor$Worker.run(Unknown Source)
java.lang.Thread.run(Unknown Source)


13:25:39.745 [pool-1-thread-2] ERROR org.coocox.codb.common.log.ErrorLog - menuToolbarStat api exception!errorCode:2000
PUT API FAILED! 
org.coocox.codb.client.core.api.ClientBaseApi.putRespCheck(ClientBaseApi.java:55)
org.coocox.codb.client.core.api.impl.StatApiImpl.menuToolbarStat(StatApiImpl.java:85)
org.coocox.codb.client.core.task.StatisticsHandler$StatHandler.run(StatisticsHandler.java:78)
java.util.concurrent.ThreadPoolExecutor$Worker.runTask(Unknown Source)
java.util.concurrent.ThreadPoolExecutor$Worker.run(Unknown Source)
java.lang.Thread.run(Unknown Source)


13:32:36.520 [pool-1-thread-1] ERROR org.coocox.codb.common.log.ErrorLog - menuToolbarStat api exception!errorCode:2000
PUT API FAILED! 
org.coocox.codb.client.core.api.ClientBaseApi.putRespCheck(ClientBaseApi.java:55)
org.coocox.codb.client.core.api.impl.StatApiImpl.menuToolbarStat(StatApiImpl.java:85)
org.coocox.codb.client.core.task.StatisticsHandler$StatHandler.run(StatisticsHandler.java:78)
java.util.concurrent.ThreadPoolExecutor$Worker.runTask(Unknown Source)
java.util.concurrent.ThreadPoolExecutor$Worker.run(Unknown Source)
java.lang.Thread.run(Unknown Source)


14:24:00.787 [pool-1-thread-2] ERROR org.coocox.codb.common.log.ErrorLog - menuToolbarStat api exception!errorCode:2000
PUT API FAILED! 
org.coocox.codb.client.core.api.ClientBaseApi.putRespCheck(ClientBaseApi.java:55)
org.coocox.codb.client.core.api.impl.StatApiImpl.menuToolbarStat(StatApiImpl.java:85)
org.coocox.codb.client.core.task.StatisticsHandler$StatHandler.run(StatisticsHandler.java:78)
java.util.concurrent.ThreadPoolExecutor$Worker.runTask(Unknown Source)
java.util.concurrent.ThreadPoolExecutor$Worker.run(Unknown Source)
java.lang.Thread.run(Unknown Source)


15:45:44.289 [pool-1-thread-1] ERROR org.coocox.codb.common.log.ErrorLog - menuToolbarStat api exception!errorCode:2000
PUT API FAILED! 
org.coocox.codb.client.core.api.ClientBaseApi.putRespCheck(ClientBaseApi.java:55)
org.coocox.codb.client.core.api.impl.StatApiImpl.menuToolbarStat(StatApiImpl.java:85)
org.coocox.codb.client.core.task.StatisticsHandler$StatHandler.run(StatisticsHandler.java:78)
java.util.concurrent.ThreadPoolExecutor$Worker.runTask(Unknown Source)
java.util.concurrent.ThreadPoolExecutor$Worker.run(Unknown Source)
java.lang.Thread.run(Unknown Source)


16:47:29.639 [pool-1-thread-2] ERROR org.coocox.codb.common.log.ErrorLog - menuToolbarStat api exception!errorCode:2000
PUT API FAILED! 
org.coocox.codb.client.core.api.ClientBaseApi.putRespCheck(ClientBaseApi.java:55)
org.coocox.codb.client.core.api.impl.StatApiImpl.menuToolbarStat(StatApiImpl.java:85)
org.coocox.codb.client.core.task.StatisticsHandler$StatHandler.run(StatisticsHandler.java:78)
java.util.concurrent.ThreadPoolExecutor$Worker.runTask(Unknown Source)
java.util.concurrent.ThreadPoolExecutor$Worker.run(Unknown Source)
java.lang.Thread.run(Unknown Source)


22:58:07.933 [pool-1-thread-2] ERROR org.coocox.codb.common.log.ErrorLog - menuToolbarStat api exception!errorCode:2000
PUT API FAILED! 
org.coocox.codb.client.core.api.ClientBaseApi.putRespCheck(ClientBaseApi.java:55)
org.coocox.codb.client.core.api.impl.StatApiImpl.menuToolbarStat(StatApiImpl.java:85)
org.coocox.codb.client.core.task.StatisticsHandler$StatHandler.run(StatisticsHandler.java:78)
java.util.concurrent.ThreadPoolExecutor$Worker.runTask(Unknown Source)
java.util.concurrent.ThreadPoolExecutor$Worker.run(Unknown Source)
java.lang.Thread.run(Unknown Source)


22:58:48.013 [pool-1-thread-1] ERROR org.coocox.codb.common.log.ErrorLog - menuToolbarStat api exception!errorCode:2000
PUT API FAILED! 
org.coocox.codb.client.core.api.ClientBaseApi.putRespCheck(ClientBaseApi.java:55)
org.coocox.codb.client.core.api.impl.StatApiImpl.menuToolbarStat(StatApiImpl.java:85)
org.coocox.codb.client.core.task.StatisticsHandler$StatHandler.run(StatisticsHandler.java:78)
java.util.concurrent.ThreadPoolExecutor$Worker.runTask(Unknown Source)
java.util.concurrent.ThreadPoolExecutor$Worker.run(Unknown Source)
java.lang.Thread.run(Unknown Source)


22:59:00.429 [pool-1-thread-2] ERROR org.coocox.codb.common.log.ErrorLog - menuToolbarStat api exception!errorCode:2000
PUT API FAILED! 
org.coocox.codb.client.core.api.ClientBaseApi.putRespCheck(ClientBaseApi.java:55)
org.coocox.codb.client.core.api.impl.StatApiImpl.menuToolbarStat(StatApiImpl.java:85)
org.coocox.codb.client.core.task.StatisticsHandler$StatHandler.run(StatisticsHandler.java:78)
java.util.concurrent.ThreadPoolExecutor$Worker.runTask(Unknown Source)
java.util.concurrent.ThreadPoolExecutor$Worker.run(Unknown Source)
java.lang.Thread.run(Unknown Source)


22:59:02.512 [pool-1-thread-1] ERROR org.coocox.codb.common.log.ErrorLog - menuToolbarStat api exception!errorCode:2000
PUT API FAILED! 
org.coocox.codb.client.core.api.ClientBaseApi.putRespCheck(ClientBaseApi.java:55)
org.coocox.codb.client.core.api.impl.StatApiImpl.menuToolbarStat(StatApiImpl.java:85)
org.coocox.codb.client.core.task.StatisticsHandler$StatHandler.run(StatisticsHandler.java:78)
java.util.concurrent.ThreadPoolExecutor$Worker.runTask(Unknown Source)
java.util.concurrent.ThreadPoolExecutor$Worker.run(Unknown Source)
java.lang.Thread.run(Unknown Source)


22:59:02.648 [pool-1-thread-2] ERROR org.coocox.codb.common.log.ErrorLog - menuToolbarStat api exception!errorCode:2000
PUT API FAILED! 
org.coocox.codb.client.core.api.ClientBaseApi.putRespCheck(ClientBaseApi.java:55)
org.coocox.codb.client.core.api.impl.StatApiImpl.menuToolbarStat(StatApiImpl.java:85)
org.coocox.codb.client.core.task.StatisticsHandler$StatHandler.run(StatisticsHandler.java:78)
java.util.concurrent.ThreadPoolExecutor$Worker.runTask(Unknown Source)
java.util.concurrent.ThreadPoolExecutor$Worker.run(Unknown Source)
java.lang.Thread.run(Unknown Source)


22:59:02.791 [pool-1-thread-1] ERROR org.coocox.codb.common.log.ErrorLog - menuToolbarStat api exception!errorCode:2000
PUT API FAILED! 
org.coocox.codb.client.core.api.ClientBaseApi.putRespCheck(ClientBaseApi.java:55)
org.coocox.codb.client.core.api.impl.StatApiImpl.menuToolbarStat(StatApiImpl.java:85)
org.coocox.codb.client.core.task.StatisticsHandler$StatHandler.run(StatisticsHandler.java:78)
java.util.concurrent.ThreadPoolExecutor$Worker.runTask(Unknown Source)
java.util.concurrent.ThreadPoolExecutor$Worker.run(Unknown Source)
java.lang.Thread.run(Unknown Source)


22:59:02.917 [pool-1-thread-2] ERROR org.coocox.codb.common.log.ErrorLog - menuToolbarStat api exception!errorCode:2000
PUT API FAILED! 
org.coocox.codb.client.core.api.ClientBaseApi.putRespCheck(ClientBaseApi.java:55)
org.coocox.codb.client.core.api.impl.StatApiImpl.menuToolbarStat(StatApiImpl.java:85)
org.coocox.codb.client.core.task.StatisticsHandler$StatHandler.run(StatisticsHandler.java:78)
java.util.concurrent.ThreadPoolExecutor$Worker.runTask(Unknown Source)
java.util.concurrent.ThreadPoolExecutor$Worker.run(Unknown Source)
java.lang.Thread.run(Unknown Source)


22:59:03.077 [pool-1-thread-1] ERROR org.coocox.codb.common.log.ErrorLog - menuToolbarStat api exception!errorCode:2000
PUT API FAILED! 
org.coocox.codb.client.core.api.ClientBaseApi.putRespCheck(ClientBaseApi.java:55)
org.coocox.codb.client.core.api.impl.StatApiImpl.menuToolbarStat(StatApiImpl.java:85)
org.coocox.codb.client.core.task.StatisticsHandler$StatHandler.run(StatisticsHandler.java:78)
java.util.concurrent.ThreadPoolExecutor$Worker.runTask(Unknown Source)
java.util.concurrent.ThreadPoolExecutor$Worker.run(Unknown Source)
java.lang.Thread.run(Unknown Source)


22:59:03.237 [pool-1-thread-2] ERROR org.coocox.codb.common.log.ErrorLog - menuToolbarStat api exception!errorCode:2000
PUT API FAILED! 
org.coocox.codb.client.core.api.ClientBaseApi.putRespCheck(ClientBaseApi.java:55)
org.coocox.codb.client.core.api.impl.StatApiImpl.menuToolbarStat(StatApiImpl.java:85)
org.coocox.codb.client.core.task.StatisticsHandler$StatHandler.run(StatisticsHandler.java:78)
java.util.concurrent.ThreadPoolExecutor$Worker.runTask(Unknown Source)
java.util.concurrent.ThreadPoolExecutor$Worker.run(Unknown Source)
java.lang.Thread.run(Unknown Source)


23:01:45.093 [pool-1-thread-2] ERROR org.coocox.codb.common.log.ErrorLog - menuToolbarStat api exception!errorCode:2000
PUT API FAILED! 
org.coocox.codb.client.core.api.ClientBaseApi.putRespCheck(ClientBaseApi.java:55)
org.coocox.codb.client.core.api.impl.StatApiImpl.menuToolbarStat(StatApiImpl.java:85)
org.coocox.codb.client.core.task.StatisticsHandler$StatHandler.run(StatisticsHandler.java:78)
java.util.concurrent.ThreadPoolExecutor$Worker.runTask(Unknown Source)
java.util.concurrent.ThreadPoolExecutor$Worker.run(Unknown Source)
java.lang.Thread.run(Unknown Source)


23:02:15.617 [pool-1-thread-1] ERROR org.coocox.codb.common.log.ErrorLog - menuToolbarStat api exception!errorCode:2000
PUT API FAILED! 
org.coocox.codb.client.core.api.ClientBaseApi.putRespCheck(ClientBaseApi.java:55)
org.coocox.codb.client.core.api.impl.StatApiImpl.menuToolbarStat(StatApiImpl.java:85)
org.coocox.codb.client.core.task.StatisticsHandler$StatHandler.run(StatisticsHandler.java:78)
java.util.concurrent.ThreadPoolExecutor$Worker.runTask(Unknown Source)
java.util.concurrent.ThreadPoolExecutor$Worker.run(Unknown Source)
java.lang.Thread.run(Unknown Source)


23:12:08.064 [pool-1-thread-2] ERROR org.coocox.codb.common.log.ErrorLog - menuToolbarStat api exception!errorCode:2000
PUT API FAILED! 
org.coocox.codb.client.core.api.ClientBaseApi.putRespCheck(ClientBaseApi.java:55)
org.coocox.codb.client.core.api.impl.StatApiImpl.menuToolbarStat(StatApiImpl.java:85)
org.coocox.codb.client.core.task.StatisticsHandler$StatHandler.run(StatisticsHandler.java:78)
java.util.concurrent.ThreadPoolExecutor$Worker.runTask(Unknown Source)
java.util.concurrent.ThreadPoolExecutor$Worker.run(Unknown Source)
java.lang.Thread.run(Unknown Source)


23:38:29.090 [pool-1-thread-1] ERROR org.coocox.codb.common.log.ErrorLog - menuToolbarStat api exception!errorCode:2000
PUT API FAILED! 
org.coocox.codb.client.core.api.ClientBaseApi.putRespCheck(ClientBaseApi.java:55)
org.coocox.codb.client.core.api.impl.StatApiImpl.menuToolbarStat(StatApiImpl.java:85)
org.coocox.codb.client.core.task.StatisticsHandler$StatHandler.run(StatisticsHandler.java:78)
java.util.concurrent.ThreadPoolExecutor$Worker.runTask(Unknown Source)
java.util.concurrent.ThreadPoolExecutor$Worker.run(Unknown Source)
java.lang.Thread.run(Unknown Source)


23:59:17.009 [pool-1-thread-2] ERROR org.coocox.codb.common.log.ErrorLog - menuToolbarStat api exception!errorCode:2000
PUT API FAILED! 
org.coocox.codb.client.core.api.ClientBaseApi.putRespCheck(ClientBaseApi.java:55)
org.coocox.codb.client.core.api.impl.StatApiImpl.menuToolbarStat(StatApiImpl.java:85)
org.coocox.codb.client.core.task.StatisticsHandler$StatHandler.run(StatisticsHandler.java:78)
java.util.concurrent.ThreadPoolExecutor$Worker.runTask(Unknown Source)
java.util.concurrent.ThreadPoolExecutor$Worker.run(Unknown Source)
java.lang.Thread.run(Unknown Source)


